# JRE version: OpenJDK Runtime Environment Temurin-21.0.12.1+1 (21.0.12.1+1) (build 21.0.12.1+1-LTS)
# Java VM: OpenJDK 64-Bit Server VM Temurin-21.0.12.1+1 (21.0.12.1+1-LTS, mixed mode, sharing, tiered, compressed oops, compressed class ptrs, parallel gc, windows-amd64)
GC Precious Log:
 CardTable entry size: 512
 CPUs: 4 total, 4 available
 Memory: 3986M
 Large Page Support: Disabled
 NUMA Support: Disabled
 Compressed Oops: Enabled (32-bit)
 Alignments: Space 512K, Generation 512K, Heap 2M
 Heap Min Capacity: 100M
 Heap Initial Capacity: 100M
 Heap Max Capacity: 2G
 Pre-touch: Disabled
 Parallel Workers: 4
Heap:
 PSYoungGen      total 31744K, used 15846K [0x00000000d5580000, 0x00000000d7680000, 0x0000000100000000)
  eden space 30208K, 48% used [0x00000000d5580000,0x00000000d63e1530,0x00000000d7300000)
  from space 1536K, 72% used [0x00000000d7480000,0x00000000d75982d0,0x00000000d7600000)
  to   space 1536K, 0% used [0x00000000d7300000,0x00000000d7300000,0x00000000d7480000)
 ParOldGen       total 1398272K, used 101927K [0x0000000080000000, 0x00000000d5580000, 0x00000000d5580000)
  object space 1398272K, 7% used [0x0000000080000000,0x0000000086389e18,0x00000000d5580000)
 Metaspace       used 66723K, committed 68096K, reserved 1114112K
  class space    used 6997K, committed 7552K, reserved 1048576K
GC Heap History (20 events):
Event: 249.640 GC heap before
{Heap before GC invocations=168 (full 5):
 PSYoungGen      total 30720K, used 30399K [0x00000000d5580000, 0x00000000d7680000, 0x0000000100000000)
  eden space 28160K, 99% used [0x00000000d5580000,0x00000000d70fde28,0x00000000d7100000)
  from space 2560K, 87% used [0x00000000d7380000,0x00000000d75b2040,0x00000000d7600000)
  to   space 2560K, 0% used [0x00000000d7100000,0x00000000d7100000,0x00000000d7380000)
 ParOldGen       total 1398272K, used 101263K [0x0000000080000000, 0x00000000d5580000, 0x00000000d5580000)
  object space 1398272K, 7% used [0x0000000080000000,0x00000000862e3d50,0x00000000d5580000)
 Metaspace       used 66625K, committed 67968K, reserved 1114112K
  class space    used 6997K, committed 7552K, reserved 1048576K
}
Event: 249.642 GC heap after
{Heap after GC invocations=168 (full 5):
 PSYoungGen      total 29184K, used 877K [0x00000000d5580000, 0x00000000d7480000, 0x0000000100000000)
  eden space 28160K, 0% used [0x00000000d5580000,0x00000000d5580000,0x00000000d7100000)
  from space 1024K, 85% used [0x00000000d7100000,0x00000000d71db738,0x00000000d7200000)
  to   space 1536K, 0% used [0x00000000d7300000,0x00000000d7300000,0x00000000d7480000)
 ParOldGen       total 1398272K, used 101263K [0x0000000080000000, 0x00000000d5580000, 0x00000000d5580000)
  object space 1398272K, 7% used [0x0000000080000000,0x00000000862e3d50,0x00000000d5580000)
 Metaspace       used 66625K, committed 67968K, reserved 1114112K
  class space    used 6997K, committed 7552K, reserved 1048576K
}
Event: 251.222 GC heap before
{Heap before GC invocations=169 (full 5):
 PSYoungGen      total 29184K, used 29037K [0x00000000d5580000, 0x00000000d7480000, 0x0000000100000000)
  eden space 28160K, 100% used [0x00000000d5580000,0x00000000d7100000,0x00000000d7100000)
  from space 1024K, 85% used [0x00000000d7100000,0x00000000d71db738,0x00000000d7200000)
  to   space 1536K, 0% used [0x00000000d7300000,0x00000000d7300000,0x00000000d7480000)
 ParOldGen       total 1398272K, used 101263K [0x0000000080000000, 0x00000000d5580000, 0x00000000d5580000)
  object space 1398272K, 7% used [0x0000000080000000,0x00000000862e3d50,0x00000000d5580000)
 Metaspace       used 66633K, committed 67968K, reserved 1114112K
  class space    used 6997K, committed 7552K, reserved 1048576K
}
Event: 251.224 GC heap after
{Heap after GC invocations=169 (full 5):
 PSYoungGen      total 29184K, used 464K [0x00000000d5580000, 0x00000000d7380000, 0x0000000100000000)
  eden space 28672K, 0% used [0x00000000d5580000,0x00000000d5580000,0x00000000d7180000)
  from space 512K, 90% used [0x00000000d7300000,0x00000000d7374050,0x00000000d7380000)
  to   space 1024K, 0% used [0x00000000d7180000,0x00000000d7180000,0x00000000d7280000)
 ParOldGen       total 1398272K, used 101295K [0x0000000080000000, 0x00000000d5580000, 0x00000000d5580000)
  object space 1398272K, 7% used [0x0000000080000000,0x00000000862ebd50,0x00000000d5580000)
 Metaspace       used 66633K, committed 67968K, reserved 1114112K
  class space    used 6997K, committed 7552K, reserved 1048576K
}
Event: 251.999 GC heap before
{Heap before GC invocations=170 (full 5):
 PSYoungGen      total 29184K, used 29136K [0x00000000d5580000, 0x00000000d7380000, 0x0000000100000000)
  eden space 28672K, 100% used [0x00000000d5580000,0x00000000d7180000,0x00000000d7180000)
  from space 512K, 90% used [0x00000000d7300000,0x00000000d7374050,0x00000000d7380000)
  to   space 1024K, 0% used [0x00000000d7180000,0x00000000d7180000,0x00000000d7280000)
 ParOldGen       total 1398272K, used 101295K [0x0000000080000000, 0x00000000d5580000, 0x00000000d5580000)
  object space 1398272K, 7% used [0x0000000080000000,0x00000000862ebd50,0x00000000d5580000)
 Metaspace       used 66634K, committed 67968K, reserved 1114112K
  class space    used 6997K, committed 7552K, reserved 1048576K
}
Event: 252.002 GC heap after
{Heap after GC invocations=170 (full 5):
 PSYoungGen      total 29696K, used 592K [0x00000000d5580000, 0x00000000d7400000, 0x0000000100000000)
  eden space 28672K, 0% used [0x00000000d5580000,0x00000000d5580000,0x00000000d7180000)
  from space 1024K, 57% used [0x00000000d7180000,0x00000000d7214050,0x00000000d7280000)
  to   space 1024K, 0% used [0x00000000d7300000,0x00000000d7300000,0x00000000d7400000)
 ParOldGen       total 1398272K, used 101327K [0x0000000080000000, 0x00000000d5580000, 0x00000000d5580000)
  object space 1398272K, 7% used [0x0000000080000000,0x00000000862f3d50,0x00000000d5580000)
 Metaspace       used 66634K, committed 67968K, reserved 1114112K
  class space    used 6997K, committed 7552K, reserved 1048576K
}
Event: 252.807 GC heap before
{Heap before GC invocations=171 (full 5):
 PSYoungGen      total 29696K, used 29264K [0x00000000d5580000, 0x00000000d7400000, 0x0000000100000000)
  eden space 28672K, 100% used [0x00000000d5580000,0x00000000d7180000,0x00000000d7180000)
  from space 1024K, 57% used [0x00000000d7180000,0x00000000d7214050,0x00000000d7280000)
  to   space 1024K, 0% used [0x00000000d7300000,0x00000000d7300000,0x00000000d7400000)
 ParOldGen       total 1398272K, used 101327K [0x0000000080000000, 0x00000000d5580000, 0x00000000d5580000)
  object space 1398272K, 7% used [0x0000000080000000,0x00000000862f3d50,0x00000000d5580000)
 Metaspace       used 66636K, committed 67968K, reserved 1114112K
  class space    used 6997K, committed 7552K, reserved 1048576K
}
Event: 252.812 GC heap after
{Heap after GC invocations=171 (full 5):
 PSYoungGen      total 30208K, used 624K [0x00000000d5580000, 0x00000000d7400000, 0x0000000100000000)
  eden space 29184K, 0% used [0x00000000d5580000,0x00000000d5580000,0x00000000d7200000)
  from space 1024K, 60% used [0x00000000d7300000,0x00000000d739c050,0x00000000d7400000)
  to   space 1024K, 0% used [0x00000000d7200000,0x00000000d7200000,0x00000000d7300000)
 ParOldGen       total 1398272K, used 101375K [0x0000000080000000, 0x00000000d5580000, 0x00000000d5580000)
  object space 1398272K, 7% used [0x0000000080000000,0x00000000862ffd60,0x00000000d5580000)
 Metaspace       used 66636K, committed 67968K, reserved 1114112K
  class space    used 6997K, committed 7552K, reserved 1048576K
}
Event: 253.467 GC heap before
{Heap before GC invocations=172 (full 5):
 PSYoungGen      total 30208K, used 29808K [0x00000000d5580000, 0x00000000d7400000, 0x0000000100000000)
  eden space 29184K, 99% used [0x00000000d5580000,0x00000000d71fffc0,0x00000000d7200000)
  from space 1024K, 60% used [0x00000000d7300000,0x00000000d739c050,0x00000000d7400000)
  to   space 1024K, 0% used [0x00000000d7200000,0x00000000d7200000,0x00000000d7300000)
 ParOldGen       total 1398272K, used 101375K [0x0000000080000000, 0x00000000d5580000, 0x00000000d5580000)
  object space 1398272K, 7% used [0x0000000080000000,0x00000000862ffd60,0x00000000d5580000)
 Metaspace       used 66658K, committed 68032K, reserved 1114112K
  class space    used 6997K, committed 7552K, reserved 1048576K
}
Event: 253.468 GC heap after
{Heap after GC invocations=172 (full 5):
 PSYoungGen      total 30208K, used 416K [0x00000000d5580000, 0x00000000d7380000, 0x0000000100000000)
  eden space 29184K, 0% used [0x00000000d5580000,0x00000000d5580000,0x00000000d7200000)
  from space 1024K, 40% used [0x00000000d7200000,0x00000000d7268040,0x00000000d7300000)
  to   space 512K, 0% used [0x00000000d7300000,0x00000000d7300000,0x00000000d7380000)
 ParOldGen       total 1398272K, used 101407K [0x0000000080000000, 0x00000000d5580000, 0x00000000d5580000)
  object space 1398272K, 7% used [0x0000000080000000,0x0000000086307d60,0x00000000d5580000)
 Metaspace       used 66658K, committed 68032K, reserved 1114112K
  class space    used 6997K, committed 7552K, reserved 1048576K
}
Event: 254.658 GC heap before
{Heap before GC invocations=173 (full 5):
 PSYoungGen      total 30208K, used 29529K [0x00000000d5580000, 0x00000000d7380000, 0x0000000100000000)
  eden space 29184K, 99% used [0x00000000d5580000,0x00000000d71ee5a8,0x00000000d7200000)
  from space 1024K, 40% used [0x00000000d7200000,0x00000000d7268040,0x00000000d7300000)
  to   space 512K, 0% used [0x00000000d7300000,0x00000000d7300000,0x00000000d7380000)
 ParOldGen       total 1398272K, used 101513K [0x0000000080000000, 0x00000000d5580000, 0x00000000d5580000)
  object space 1398272K, 7% used [0x0000000080000000,0x00000000863227a0,0x00000000d5580000)
 Metaspace       used 66673K, committed 68032K, reserved 1114112K
  class space    used 6997K, committed 7552K, reserved 1048576K
}
Event: 254.661 GC heap after
{Heap after GC invocations=173 (full 5):
 PSYoungGen      total 29696K, used 499K [0x00000000d5580000, 0x00000000d7480000, 0x0000000100000000)
  eden space 29184K, 0% used [0x00000000d5580000,0x00000000d5580000,0x00000000d7200000)
  from space 512K, 97% used [0x00000000d7300000,0x00000000d737cc98,0x00000000d7380000)
  to   space 1024K, 0% used [0x00000000d7200000,0x00000000d7200000,0x00000000d7300000)
 ParOldGen       total 1398272K, used 101860K [0x0000000080000000, 0x00000000d5580000, 0x00000000d5580000)
  object space 1398272K, 7% used [0x0000000080000000,0x0000000086379260,0x00000000d5580000)
 Metaspace       used 66673K, committed 68032K, reserved 1114112K
  class space    used 6997K, committed 7552K, reserved 1048576K
}
Event: 255.163 GC heap before
{Heap before GC invocations=174 (full 5):
 PSYoungGen      total 29696K, used 29683K [0x00000000d5580000, 0x00000000d7480000, 0x0000000100000000)
  eden space 29184K, 100% used [0x00000000d5580000,0x00000000d7200000,0x00000000d7200000)
  from space 512K, 97% used [0x00000000d7300000,0x00000000d737cc98,0x00000000d7380000)
  to   space 1024K, 0% used [0x00000000d7200000,0x00000000d7200000,0x00000000d7300000)
 ParOldGen       total 1398272K, used 101879K [0x0000000080000000, 0x00000000d5580000, 0x00000000d5580000)
  object space 1398272K, 7% used [0x0000000080000000,0x000000008637de18,0x00000000d5580000)
 Metaspace       used 66675K, committed 68032K, reserved 1114112K
  class space    used 6997K, committed 7552K, reserved 1048576K
}
Event: 255.165 GC heap after
{Heap after GC invocations=174 (full 5):
 PSYoungGen      total 30208K, used 992K [0x00000000d5580000, 0x00000000d7580000, 0x0000000100000000)
  eden space 29184K, 0% used [0x00000000d5580000,0x00000000d5580000,0x00000000d7200000)
  from space 1024K, 96% used [0x00000000d7200000,0x00000000d72f8040,0x00000000d7300000)
  to   space 1536K, 0% used [0x00000000d7400000,0x00000000d7400000,0x00000000d7580000)
 ParOldGen       total 1398272K, used 101895K [0x0000000080000000, 0x00000000d5580000, 0x00000000d5580000)
  object space 1398272K, 7% used [0x0000000080000000,0x0000000086381e18,0x00000000d5580000)
 Metaspace       used 66675K, committed 68032K, reserved 1114112K
  class space    used 6997K, committed 7552K, reserved 1048576K
}
Event: 256.094 GC heap before
{Heap before GC invocations=175 (full 5):
 PSYoungGen      total 30208K, used 30176K [0x00000000d5580000, 0x00000000d7580000, 0x0000000100000000)
  eden space 29184K, 99% used [0x00000000d5580000,0x00000000d71ffff8,0x00000000d7200000)
  from space 1024K, 96% used [0x00000000d7200000,0x00000000d72f8040,0x00000000d7300000)
  to   space 1536K, 0% used [0x00000000d7400000,0x00000000d7400000,0x00000000d7580000)
 ParOldGen       total 1398272K, used 101895K [0x0000000080000000, 0x00000000d5580000, 0x00000000d5580000)
  object space 1398272K, 7% used [0x0000000080000000,0x0000000086381e18,0x00000000d5580000)
 Metaspace       used 66676K, committed 68032K, reserved 1114112K
  class space    used 6997K, committed 7552K, reserved 1048576K
}
Event: 256.097 GC heap after
{Heap after GC invocations=175 (full 5):
 PSYoungGen      total 30720K, used 784K [0x00000000d5580000, 0x00000000d7500000, 0x0000000100000000)
  eden space 29696K, 0% used [0x00000000d5580000,0x00000000d5580000,0x00000000d7280000)
  from space 1024K, 76% used [0x00000000d7400000,0x00000000d74c4050,0x00000000d7500000)
  to   space 1024K, 0% used [0x00000000d7300000,0x00000000d7300000,0x00000000d7400000)
 ParOldGen       total 1398272K, used 101927K [0x0000000080000000, 0x00000000d5580000, 0x00000000d5580000)
  object space 1398272K, 7% used [0x0000000080000000,0x0000000086389e18,0x00000000d5580000)
 Metaspace       used 66676K, committed 68032K, reserved 1114112K
  class space    used 6997K, committed 7552K, reserved 1048576K
}
Event: 257.372 GC heap before
{Heap before GC invocations=176 (full 5):
 PSYoungGen      total 30720K, used 30480K [0x00000000d5580000, 0x00000000d7500000, 0x0000000100000000)
  eden space 29696K, 99% used [0x00000000d5580000,0x00000000d727fff8,0x00000000d7280000)
  from space 1024K, 76% used [0x00000000d7400000,0x00000000d74c4050,0x00000000d7500000)
  to   space 1024K, 0% used [0x00000000d7300000,0x00000000d7300000,0x00000000d7400000)
 ParOldGen       total 1398272K, used 101927K [0x0000000080000000, 0x00000000d5580000, 0x00000000d5580000)
  object space 1398272K, 7% used [0x0000000080000000,0x0000000086389e18,0x00000000d5580000)
 Metaspace       used 66696K, committed 68032K, reserved 1114112K
  class space    used 6997K, committed 7552K, reserved 1048576K
}
Event: 257.375 GC heap after
{Heap after GC invocations=176 (full 5):
 PSYoungGen      total 31232K, used 1008K [0x00000000d5580000, 0x00000000d7600000, 0x0000000100000000)
  eden space 30208K, 0% used [0x00000000d5580000,0x00000000d5580000,0x00000000d7300000)
  from space 1024K, 98% used [0x00000000d7300000,0x00000000d73fc050,0x00000000d7400000)
  to   space 1536K, 0% used [0x00000000d7480000,0x00000000d7480000,0x00000000d7600000)
 ParOldGen       total 1398272K, used 101927K [0x0000000080000000, 0x00000000d5580000, 0x00000000d5580000)
  object space 1398272K, 7% used [0x0000000080000000,0x0000000086389e18,0x00000000d5580000)
 Metaspace       used 66696K, committed 68032K, reserved 1114112K
  class space    used 6997K, committed 7552K, reserved 1048576K
}
Event: 257.996 GC heap before
{Heap before GC invocations=177 (full 5):
 PSYoungGen      total 31232K, used 31216K [0x00000000d5580000, 0x00000000d7600000, 0x0000000100000000)
  eden space 30208K, 100% used [0x00000000d5580000,0x00000000d7300000,0x00000000d7300000)
  from space 1024K, 98% used [0x00000000d7300000,0x00000000d73fc050,0x00000000d7400000)
  to   space 1536K, 0% used [0x00000000d7480000,0x00000000d7480000,0x00000000d7600000)
 ParOldGen       total 1398272K, used 101927K [0x0000000080000000, 0x00000000d5580000, 0x00000000d5580000)
  object space 1398272K, 7% used [0x0000000080000000,0x0000000086389e18,0x00000000d5580000)
 Metaspace       used 66718K, committed 68096K, reserved 1114112K
  class space    used 6997K, committed 7552K, reserved 1048576K
}
Event: 257.998 GC heap after
{Heap after GC invocations=177 (full 5):
 PSYoungGen      total 31744K, used 1120K [0x00000000d5580000, 0x00000000d7680000, 0x0000000100000000)
  eden space 30208K, 0% used [0x00000000d5580000,0x00000000d5580000,0x00000000d7300000)
  from space 1536K, 72% used [0x00000000d7480000,0x00000000d75982d0,0x00000000d7600000)
  to   space 1536K, 0% used [0x00000000d7300000,0x00000000d7300000,0x00000000d7480000)
 ParOldGen       total 1398272K, used 101927K [0x0000000080000000, 0x00000000d5580000, 0x00000000d5580000)
  object space 1398272K, 7% used [0x0000000080000000,0x0000000086389e18,0x00000000d5580000)
 Metaspace       used 66718K, committed 68096K, reserved 1114112K
  class space    used 6997K, committed 7552K, reserved 1048576K
}

